[0.186s] DEBUG:colcon:Command line arguments: ['/usr/bin/colcon', 'list', '-p', '--base-paths', '/home/roberto/ros2_ws/src/pf_adr']
[0.187s] DEBUG:colcon:Parsed command line arguments: Namespace(log_base=None, log_level=None, verb_name='list', build_base='build', ignore_user_meta=False, metas=['./colcon.meta'], base_paths=['/home/roberto/ros2_ws/src/pf_adr'], packages_ignore=None, packages_ignore_regex=None, paths=None, packages_up_to=None, packages_up_to_regex=None, packages_above=None, packages_above_and_dependencies=None, packages_above_depth=None, packages_select_by_dep=None, packages_skip_by_dep=None, packages_skip_up_to=None, packages_select_build_failed=False, packages_skip_build_finished=False, packages_select_test_failures=False, packages_skip_test_passed=False, packages_select=None, packages_skip=None, packages_select_regex=None, packages_skip_regex=None, packages_start=None, packages_end=None, allow_overriding=[], topological_order=False, names_only=False, paths_only=True, topological_graph=False, topological_graph_dot=False, topological_graph_density=False, topological_graph_legend=False, topological_graph_dot_cluster=False, topological_graph_dot_include_skipped=False, mixin_files=None, mixin=None, verb_parser=<colcon_mixin.mixin.mixin_argument.MixinArgumentDecorator object at 0x70a45488e020>, verb_extension=<colcon_package_information.verb.list.ListVerb object at 0x70a45488cf40>, main=<bound method ListVerb.main of <colcon_package_information.verb.list.ListVerb object at 0x70a45488cf40>>, mixin_verb=('list',))
[0.621s] Level 1:colcon.colcon_core.package_discovery:discover_packages(colcon_meta) check parameters
[0.621s] Level 1:colcon.colcon_core.package_discovery:discover_packages(recursive) check parameters
[0.621s] Level 1:colcon.colcon_core.package_discovery:discover_packages(ignore) check parameters
[0.621s] Level 1:colcon.colcon_core.package_discovery:discover_packages(path) check parameters
[0.621s] Level 1:colcon.colcon_core.package_discovery:discover_packages(recursive) discover
[0.622s] INFO:colcon.colcon_core.package_discovery:Crawling recursively for packages in '/home/roberto/ros2_ws/src/pf_adr'
[0.622s] Level 1:colcon.colcon_core.package_identification:_identify(/home/roberto/ros2_ws/src/pf_adr) by extensions ['ignore', 'ignore_ament_install']
[0.622s] Level 1:colcon.colcon_core.package_identification:_identify(/home/roberto/ros2_ws/src/pf_adr) by extension 'ignore'
[0.622s] Level 1:colcon.colcon_core.package_identification:_identify(/home/roberto/ros2_ws/src/pf_adr) by extension 'ignore_ament_install'
[0.622s] Level 1:colcon.colcon_core.package_identification:_identify(/home/roberto/ros2_ws/src/pf_adr) by extensions ['colcon_pkg']
[0.622s] Level 1:colcon.colcon_core.package_identification:_identify(/home/roberto/ros2_ws/src/pf_adr) by extension 'colcon_pkg'
[0.622s] Level 1:colcon.colcon_core.package_identification:_identify(/home/roberto/ros2_ws/src/pf_adr) by extensions ['colcon_meta']
[0.623s] Level 1:colcon.colcon_core.package_identification:_identify(/home/roberto/ros2_ws/src/pf_adr) by extension 'colcon_meta'
[0.623s] Level 1:colcon.colcon_core.package_identification:_identify(/home/roberto/ros2_ws/src/pf_adr) by extensions ['ros']
[0.623s] Level 1:colcon.colcon_core.package_identification:_identify(/home/roberto/ros2_ws/src/pf_adr) by extension 'ros'
[0.661s] Level 1:colcon.colcon_core.package_identification:_identify(/home/roberto/ros2_ws/src/pf_adr) by extensions ['cmake', 'python']
[0.661s] Level 1:colcon.colcon_core.package_identification:_identify(/home/roberto/ros2_ws/src/pf_adr) by extension 'cmake'
[0.661s] Level 1:colcon.colcon_core.package_identification:_identify(/home/roberto/ros2_ws/src/pf_adr) by extension 'python'
[0.661s] Level 1:colcon.colcon_core.package_identification:_identify(/home/roberto/ros2_ws/src/pf_adr) by extensions ['python_setup_py']
[0.661s] Level 1:colcon.colcon_core.package_identification:_identify(/home/roberto/ros2_ws/src/pf_adr) by extension 'python_setup_py'
[0.662s] Level 1:colcon.colcon_core.package_identification:_identify(/home/roberto/ros2_ws/src/pf_adr/log) by extensions ['ignore', 'ignore_ament_install']
[0.662s] Level 1:colcon.colcon_core.package_identification:_identify(/home/roberto/ros2_ws/src/pf_adr/log) by extension 'ignore'
[0.662s] Level 1:colcon.colcon_core.package_identification:_identify(/home/roberto/ros2_ws/src/pf_adr/log) ignored
[0.662s] Level 1:colcon.colcon_core.package_identification:_identify(/home/roberto/ros2_ws/src/pf_adr/src) by extensions ['ignore', 'ignore_ament_install']
[0.662s] Level 1:colcon.colcon_core.package_identification:_identify(/home/roberto/ros2_ws/src/pf_adr/src) by extension 'ignore'
[0.662s] Level 1:colcon.colcon_core.package_identification:_identify(/home/roberto/ros2_ws/src/pf_adr/src) by extension 'ignore_ament_install'
[0.663s] Level 1:colcon.colcon_core.package_identification:_identify(/home/roberto/ros2_ws/src/pf_adr/src) by extensions ['colcon_pkg']
[0.663s] Level 1:colcon.colcon_core.package_identification:_identify(/home/roberto/ros2_ws/src/pf_adr/src) by extension 'colcon_pkg'
[0.663s] Level 1:colcon.colcon_core.package_identification:_identify(/home/roberto/ros2_ws/src/pf_adr/src) by extensions ['colcon_meta']
[0.663s] Level 1:colcon.colcon_core.package_identification:_identify(/home/roberto/ros2_ws/src/pf_adr/src) by extension 'colcon_meta'
[0.663s] Level 1:colcon.colcon_core.package_identification:_identify(/home/roberto/ros2_ws/src/pf_adr/src) by extensions ['ros']
[0.663s] Level 1:colcon.colcon_core.package_identification:_identify(/home/roberto/ros2_ws/src/pf_adr/src) by extension 'ros'
[0.663s] Level 1:colcon.colcon_core.package_identification:_identify(/home/roberto/ros2_ws/src/pf_adr/src) by extensions ['cmake', 'python']
[0.663s] Level 1:colcon.colcon_core.package_identification:_identify(/home/roberto/ros2_ws/src/pf_adr/src) by extension 'cmake'
[0.663s] Level 1:colcon.colcon_core.package_identification:_identify(/home/roberto/ros2_ws/src/pf_adr/src) by extension 'python'
[0.663s] Level 1:colcon.colcon_core.package_identification:_identify(/home/roberto/ros2_ws/src/pf_adr/src) by extensions ['python_setup_py']
[0.663s] Level 1:colcon.colcon_core.package_identification:_identify(/home/roberto/ros2_ws/src/pf_adr/src) by extension 'python_setup_py'
[0.663s] Level 1:colcon.colcon_core.package_identification:_identify(/home/roberto/ros2_ws/src/pf_adr/src/pf_adr) by extensions ['ignore', 'ignore_ament_install']
[0.664s] Level 1:colcon.colcon_core.package_identification:_identify(/home/roberto/ros2_ws/src/pf_adr/src/pf_adr) by extension 'ignore'
[0.664s] Level 1:colcon.colcon_core.package_identification:_identify(/home/roberto/ros2_ws/src/pf_adr/src/pf_adr) by extension 'ignore_ament_install'
[0.664s] Level 1:colcon.colcon_core.package_identification:_identify(/home/roberto/ros2_ws/src/pf_adr/src/pf_adr) by extensions ['colcon_pkg']
[0.664s] Level 1:colcon.colcon_core.package_identification:_identify(/home/roberto/ros2_ws/src/pf_adr/src/pf_adr) by extension 'colcon_pkg'
[0.664s] Level 1:colcon.colcon_core.package_identification:_identify(/home/roberto/ros2_ws/src/pf_adr/src/pf_adr) by extensions ['colcon_meta']
[0.664s] Level 1:colcon.colcon_core.package_identification:_identify(/home/roberto/ros2_ws/src/pf_adr/src/pf_adr) by extension 'colcon_meta'
[0.664s] Level 1:colcon.colcon_core.package_identification:_identify(/home/roberto/ros2_ws/src/pf_adr/src/pf_adr) by extensions ['ros']
[0.664s] Level 1:colcon.colcon_core.package_identification:_identify(/home/roberto/ros2_ws/src/pf_adr/src/pf_adr) by extension 'ros'
[0.669s] DEBUG:colcon.colcon_core.package_identification:Package '/home/roberto/ros2_ws/src/pf_adr/src/pf_adr' with type 'ros.ament_python' and name 'pf_adr'
[0.669s] Level 1:colcon.colcon_core.package_identification:_identify(/home/roberto/ros2_ws/src/pf_adr/src/sjtu_drone) by extensions ['ignore', 'ignore_ament_install']
[0.669s] Level 1:colcon.colcon_core.package_identification:_identify(/home/roberto/ros2_ws/src/pf_adr/src/sjtu_drone) by extension 'ignore'
[0.669s] Level 1:colcon.colcon_core.package_identification:_identify(/home/roberto/ros2_ws/src/pf_adr/src/sjtu_drone) by extension 'ignore_ament_install'
[0.670s] Level 1:colcon.colcon_core.package_identification:_identify(/home/roberto/ros2_ws/src/pf_adr/src/sjtu_drone) by extensions ['colcon_pkg']
[0.670s] Level 1:colcon.colcon_core.package_identification:_identify(/home/roberto/ros2_ws/src/pf_adr/src/sjtu_drone) by extension 'colcon_pkg'
[0.670s] Level 1:colcon.colcon_core.package_identification:_identify(/home/roberto/ros2_ws/src/pf_adr/src/sjtu_drone) by extensions ['colcon_meta']
[0.670s] Level 1:colcon.colcon_core.package_identification:_identify(/home/roberto/ros2_ws/src/pf_adr/src/sjtu_drone) by extension 'colcon_meta'
[0.670s] Level 1:colcon.colcon_core.package_identification:_identify(/home/roberto/ros2_ws/src/pf_adr/src/sjtu_drone) by extensions ['ros']
[0.670s] Level 1:colcon.colcon_core.package_identification:_identify(/home/roberto/ros2_ws/src/pf_adr/src/sjtu_drone) by extension 'ros'
[0.670s] Level 1:colcon.colcon_core.package_identification:_identify(/home/roberto/ros2_ws/src/pf_adr/src/sjtu_drone) by extensions ['cmake', 'python']
[0.670s] Level 1:colcon.colcon_core.package_identification:_identify(/home/roberto/ros2_ws/src/pf_adr/src/sjtu_drone) by extension 'cmake'
[0.670s] Level 1:colcon.colcon_core.package_identification:_identify(/home/roberto/ros2_ws/src/pf_adr/src/sjtu_drone) by extension 'python'
[0.670s] Level 1:colcon.colcon_core.package_identification:_identify(/home/roberto/ros2_ws/src/pf_adr/src/sjtu_drone) by extensions ['python_setup_py']
[0.671s] Level 1:colcon.colcon_core.package_identification:_identify(/home/roberto/ros2_ws/src/pf_adr/src/sjtu_drone) by extension 'python_setup_py'
[0.671s] Level 1:colcon.colcon_core.package_identification:_identify(/home/roberto/ros2_ws/src/pf_adr/src/sjtu_drone/imgs) by extensions ['ignore', 'ignore_ament_install']
[0.671s] Level 1:colcon.colcon_core.package_identification:_identify(/home/roberto/ros2_ws/src/pf_adr/src/sjtu_drone/imgs) by extension 'ignore'
[0.671s] Level 1:colcon.colcon_core.package_identification:_identify(/home/roberto/ros2_ws/src/pf_adr/src/sjtu_drone/imgs) by extension 'ignore_ament_install'
[0.671s] Level 1:colcon.colcon_core.package_identification:_identify(/home/roberto/ros2_ws/src/pf_adr/src/sjtu_drone/imgs) by extensions ['colcon_pkg']
[0.671s] Level 1:colcon.colcon_core.package_identification:_identify(/home/roberto/ros2_ws/src/pf_adr/src/sjtu_drone/imgs) by extension 'colcon_pkg'
[0.671s] Level 1:colcon.colcon_core.package_identification:_identify(/home/roberto/ros2_ws/src/pf_adr/src/sjtu_drone/imgs) by extensions ['colcon_meta']
[0.671s] Level 1:colcon.colcon_core.package_identification:_identify(/home/roberto/ros2_ws/src/pf_adr/src/sjtu_drone/imgs) by extension 'colcon_meta'
[0.672s] Level 1:colcon.colcon_core.package_identification:_identify(/home/roberto/ros2_ws/src/pf_adr/src/sjtu_drone/imgs) by extensions ['ros']
[0.672s] Level 1:colcon.colcon_core.package_identification:_identify(/home/roberto/ros2_ws/src/pf_adr/src/sjtu_drone/imgs) by extension 'ros'
[0.672s] Level 1:colcon.colcon_core.package_identification:_identify(/home/roberto/ros2_ws/src/pf_adr/src/sjtu_drone/imgs) by extensions ['cmake', 'python']
[0.672s] Level 1:colcon.colcon_core.package_identification:_identify(/home/roberto/ros2_ws/src/pf_adr/src/sjtu_drone/imgs) by extension 'cmake'
[0.672s] Level 1:colcon.colcon_core.package_identification:_identify(/home/roberto/ros2_ws/src/pf_adr/src/sjtu_drone/imgs) by extension 'python'
[0.672s] Level 1:colcon.colcon_core.package_identification:_identify(/home/roberto/ros2_ws/src/pf_adr/src/sjtu_drone/imgs) by extensions ['python_setup_py']
[0.672s] Level 1:colcon.colcon_core.package_identification:_identify(/home/roberto/ros2_ws/src/pf_adr/src/sjtu_drone/imgs) by extension 'python_setup_py'
[0.672s] Level 1:colcon.colcon_core.package_identification:_identify(/home/roberto/ros2_ws/src/pf_adr/src/sjtu_drone/sjtu_drone_bringup) by extensions ['ignore', 'ignore_ament_install']
[0.672s] Level 1:colcon.colcon_core.package_identification:_identify(/home/roberto/ros2_ws/src/pf_adr/src/sjtu_drone/sjtu_drone_bringup) by extension 'ignore'
[0.673s] Level 1:colcon.colcon_core.package_identification:_identify(/home/roberto/ros2_ws/src/pf_adr/src/sjtu_drone/sjtu_drone_bringup) by extension 'ignore_ament_install'
[0.673s] Level 1:colcon.colcon_core.package_identification:_identify(/home/roberto/ros2_ws/src/pf_adr/src/sjtu_drone/sjtu_drone_bringup) by extensions ['colcon_pkg']
[0.673s] Level 1:colcon.colcon_core.package_identification:_identify(/home/roberto/ros2_ws/src/pf_adr/src/sjtu_drone/sjtu_drone_bringup) by extension 'colcon_pkg'
[0.673s] Level 1:colcon.colcon_core.package_identification:_identify(/home/roberto/ros2_ws/src/pf_adr/src/sjtu_drone/sjtu_drone_bringup) by extensions ['colcon_meta']
[0.673s] Level 1:colcon.colcon_core.package_identification:_identify(/home/roberto/ros2_ws/src/pf_adr/src/sjtu_drone/sjtu_drone_bringup) by extension 'colcon_meta'
[0.673s] Level 1:colcon.colcon_core.package_identification:_identify(/home/roberto/ros2_ws/src/pf_adr/src/sjtu_drone/sjtu_drone_bringup) by extensions ['ros']
[0.673s] Level 1:colcon.colcon_core.package_identification:_identify(/home/roberto/ros2_ws/src/pf_adr/src/sjtu_drone/sjtu_drone_bringup) by extension 'ros'
[0.675s] DEBUG:colcon.colcon_core.package_identification:Package '/home/roberto/ros2_ws/src/pf_adr/src/sjtu_drone/sjtu_drone_bringup' with type 'ros.ament_python' and name 'sjtu_drone_bringup'
[0.675s] Level 1:colcon.colcon_core.package_identification:_identify(/home/roberto/ros2_ws/src/pf_adr/src/sjtu_drone/sjtu_drone_control) by extensions ['ignore', 'ignore_ament_install']
[0.675s] Level 1:colcon.colcon_core.package_identification:_identify(/home/roberto/ros2_ws/src/pf_adr/src/sjtu_drone/sjtu_drone_control) by extension 'ignore'
[0.676s] Level 1:colcon.colcon_core.package_identification:_identify(/home/roberto/ros2_ws/src/pf_adr/src/sjtu_drone/sjtu_drone_control) by extension 'ignore_ament_install'
[0.676s] Level 1:colcon.colcon_core.package_identification:_identify(/home/roberto/ros2_ws/src/pf_adr/src/sjtu_drone/sjtu_drone_control) by extensions ['colcon_pkg']
[0.676s] Level 1:colcon.colcon_core.package_identification:_identify(/home/roberto/ros2_ws/src/pf_adr/src/sjtu_drone/sjtu_drone_control) by extension 'colcon_pkg'
[0.676s] Level 1:colcon.colcon_core.package_identification:_identify(/home/roberto/ros2_ws/src/pf_adr/src/sjtu_drone/sjtu_drone_control) by extensions ['colcon_meta']
[0.676s] Level 1:colcon.colcon_core.package_identification:_identify(/home/roberto/ros2_ws/src/pf_adr/src/sjtu_drone/sjtu_drone_control) by extension 'colcon_meta'
[0.676s] Level 1:colcon.colcon_core.package_identification:_identify(/home/roberto/ros2_ws/src/pf_adr/src/sjtu_drone/sjtu_drone_control) by extensions ['ros']
[0.676s] Level 1:colcon.colcon_core.package_identification:_identify(/home/roberto/ros2_ws/src/pf_adr/src/sjtu_drone/sjtu_drone_control) by extension 'ros'
[0.678s] DEBUG:colcon.colcon_core.package_identification:Package '/home/roberto/ros2_ws/src/pf_adr/src/sjtu_drone/sjtu_drone_control' with type 'ros.ament_python' and name 'sjtu_drone_control'
[0.678s] Level 1:colcon.colcon_core.package_identification:_identify(/home/roberto/ros2_ws/src/pf_adr/src/sjtu_drone/sjtu_drone_description) by extensions ['ignore', 'ignore_ament_install']
[0.678s] Level 1:colcon.colcon_core.package_identification:_identify(/home/roberto/ros2_ws/src/pf_adr/src/sjtu_drone/sjtu_drone_description) by extension 'ignore'
[0.678s] Level 1:colcon.colcon_core.package_identification:_identify(/home/roberto/ros2_ws/src/pf_adr/src/sjtu_drone/sjtu_drone_description) by extension 'ignore_ament_install'
[0.678s] Level 1:colcon.colcon_core.package_identification:_identify(/home/roberto/ros2_ws/src/pf_adr/src/sjtu_drone/sjtu_drone_description) by extensions ['colcon_pkg']
[0.678s] Level 1:colcon.colcon_core.package_identification:_identify(/home/roberto/ros2_ws/src/pf_adr/src/sjtu_drone/sjtu_drone_description) by extension 'colcon_pkg'
[0.678s] Level 1:colcon.colcon_core.package_identification:_identify(/home/roberto/ros2_ws/src/pf_adr/src/sjtu_drone/sjtu_drone_description) by extensions ['colcon_meta']
[0.678s] Level 1:colcon.colcon_core.package_identification:_identify(/home/roberto/ros2_ws/src/pf_adr/src/sjtu_drone/sjtu_drone_description) by extension 'colcon_meta'
[0.678s] Level 1:colcon.colcon_core.package_identification:_identify(/home/roberto/ros2_ws/src/pf_adr/src/sjtu_drone/sjtu_drone_description) by extensions ['ros']
[0.679s] Level 1:colcon.colcon_core.package_identification:_identify(/home/roberto/ros2_ws/src/pf_adr/src/sjtu_drone/sjtu_drone_description) by extension 'ros'
[0.680s] DEBUG:colcon.colcon_core.package_identification:Package '/home/roberto/ros2_ws/src/pf_adr/src/sjtu_drone/sjtu_drone_description' with type 'ros.ament_cmake' and name 'sjtu_drone_description'
[0.680s] Level 1:colcon.colcon_core.package_discovery:discover_packages(recursive) using defaults
